Warning: Running a server with --disable-host-check is a security risk. See https://medium.com/webpack/webpack-dev-server-middleware-security-issues-1489d950874a for more information.
****************************************************************************************
This is a simple server for use in testing or debugging Angular applications locally.
It hasn't been reviewed for security issues.

DON'T USE IT FOR PRODUCTION!
****************************************************************************************
- Generating browser application bundles (phase: setup)...
Compiling @angular/core : es2015 as esm2015
Compiling @angular/cdk/keycodes : es2015 as esm2015
Compiling @angular/animations : es2015 as esm2015
Compiling @angular/common : es2015 as esm2015
Compiling @angular/cdk/observers : es2015 as esm2015
Compiling @angular/animations/browser : es2015 as esm2015
Compiling @angular/cdk/platform : es2015 as esm2015
Compiling @angular/cdk/bidi : es2015 as esm2015
Compiling @angular/platform-browser : es2015 as esm2015
Compiling @angular/cdk/a11y : es2015 as esm2015
Compiling @angular/forms : es2015 as esm2015
Compiling @angular/platform-browser/animations : es2015 as esm2015
Compiling @angular/cdk/collections : es2015 as esm2015
Compiling @angular/cdk/portal : es2015 as esm2015
Compiling @angular/cdk/scrolling : es2015 as esm2015
Compiling @angular/flex-layout/core : es2015 as esm2015
Compiling @angular/cdk/overlay : es2015 as esm2015
Compiling @angular/cdk/layout : es2015 as esm2015
Compiling @angular/material/core : es2015 as esm2015
Compiling @angular/cdk/text-field : es2015 as esm2015
Compiling @angular/flex-layout/extended : es2015 as esm2015
Compiling @angular/flex-layout/flex : es2015 as esm2015
Compiling @angular/flex-layout/grid : es2015 as esm2015
Compiling @angular/material/form-field : es2015 as esm2015
Compiling @angular/material/button : es2015 as esm2015
Compiling @angular/material/tooltip : es2015 as esm2015
Compiling @angular/common/http : es2015 as esm2015
Compiling @angular/material/select : es2015 as esm2015
Compiling @angular/material/input : es2015 as esm2015
Compiling @angular/cdk/table : es2015 as esm2015
Compiling @angular/material/sort : es2015 as esm2015
Compiling @angular/material/paginator : es2015 as esm2015
Compiling @angular/cdk/accordion : es2015 as esm2015
Compiling @angular/cdk/tree : es2015 as esm2015
Compiling @angular/platform-browser-dynamic : es2015 as esm2015
Compiling angular-plotly.js : es2015 as esm2015
Compiling @angular/router : es2015 as esm2015
Compiling @angular/material-moment-adapter : es2015 as esm2015
Compiling @angular/flex-layout : es2015 as esm2015
Compiling @angular/material/autocomplete : es2015 as esm2015
Compiling @angular/material/icon : es2015 as esm2015
Compiling @angular/material/checkbox : es2015 as esm2015
Compiling @angular/material/radio : es2015 as esm2015
Compiling @angular/material/datepicker : es2015 as esm2015
Compiling @angular/material/slide-toggle : es2015 as esm2015
Compiling @angular/material/card : es2015 as esm2015
Compiling @angular/material/table : es2015 as esm2015
Compiling @angular/material/slider : es2015 as esm2015
Compiling @angular/material/expansion : es2015 as esm2015
Compiling @angular/material/dialog : es2015 as esm2015
Compiling @angular/material/tree : es2015 as esm2015
✔ Browser application bundle generation complete.

Warning: /app/src/app/mouse-list/mouse/spinning-brain/spinning-brain.component.ts depends on '@wizpanda/super-gif'. CommonJS or AMD dependencies can cause optimization bailouts.
For more info see: https://angular.io/guide/build#configuring-commonjs-dependencies

Warning: /app/src/environments/environment.prod.ts is part of the TypeScript compilation but it's unused.
Add only entry points to the 'files' or 'include' properties in your tsconfig.

/app/src/app/mouse-list/mouse-list.component.css - Warning: Css Minimizer Plugin:  > /app/src/app/mouse-list/mouse-list.component.css:156:1: warning: Unexpected ";"
    156 │ };
        ╵  ^

 

/app/src/app/session-list/session-list.component.css - Warning: Css Minimizer Plugin:  > /app/src/app/session-list/session-list.component.css:239:1: warning: Unexpected ";"
    239 │ };
        ╵  ^

 

Warning: Unable to locate stylesheet: /app/assets/fonts/css/open-iconic-bootstrap.min.css


✔ Browser application bundle generation complete.

Warning: Unable to locate stylesheet: /app/assets/fonts/css/open-iconic-bootstrap.min.css


